11-Feb-21 04:43:55 - root - INFO - New user 357720759  Stepa199
11-Feb-21 04:44:26 - root - INFO - New user 357720759  Stepa199
11-Feb-21 04:52:07 - root - INFO - Start program
11-Feb-21 04:52:51 - root - INFO - Start program
11-Feb-21 04:52:54 - root - INFO - New user 357720759  Stepa199 Богдан
11-Feb-21 04:54:31 - root - INFO - New user 357720759  Stepa199 Богдан
11-Feb-21 04:54:34 - root - INFO - New user 357720759  Stepa199 Богдан
11-Feb-21 05:23:18 - root - INFO - Start program
11-Feb-21 05:23:27 - root - INFO - New user:357720759;Stepa199;Богдан;Степанов
11-Feb-21 05:23:47 - root - INFO - Start program
11-Feb-21 05:24:10 - root - INFO - Start program
11-Feb-21 05:24:15 - root - INFO - New user:357720759;Stepa199;Богдан;Степанов
11-Feb-21 05:26:12 - root - INFO - Start program
11-Feb-21 05:26:17 - root - INFO - New user:357720759;Stepa199;Богдан;Степанов
11-Feb-21 05:26:33 - root - INFO - Start program
11-Feb-21 05:26:38 - root - INFO - New user:357720759;Stepa199;Богдан;Степанов
11-Feb-21 05:28:02 - root - INFO - Start program
11-Feb-21 05:28:04 - root - INFO - New user:357720759;Stepa199;Богдан;Степанов
11-Feb-21 05:28:39 - root - INFO - Start program
11-Feb-21 05:28:40 - root - INFO - New user:357720759;Stepa199;Богдан;Степанов
11-Feb-21 05:29:20 - root - INFO - Start program
11-Feb-21 05:29:28 - root - INFO - New user:357720759;Stepa199;Богдан;Степанов
11-Feb-21 05:29:30 - root - INFO - New user:357720759;Stepa199;Богдан;Степанов
11-Feb-21 05:31:54 - root - INFO - Start program
11-Feb-21 05:31:59 - root - INFO - New user:357720759;Stepa199;Богдан;Степанов
11-Feb-21 05:35:08 - root - INFO - Start program
11-Feb-21 05:35:41 - root - INFO - Start program
11-Feb-21 05:35:42 - root - INFO - New user:357720759;Stepa199;Богдан;Степанов
11-Feb-21 05:36:03 - root - INFO - Start program
11-Feb-21 05:36:06 - root - INFO - Start program
11-Feb-21 05:36:06 - root - INFO - Start program
11-Feb-21 05:36:07 - root - INFO - Start program
11-Feb-21 05:36:07 - root - INFO - Start program
11-Feb-21 05:36:08 - root - INFO - Start program
11-Feb-21 05:36:26 - root - INFO - New user:357720759;Stepa199;Богдан;Степанов
11-Feb-21 05:40:28 - root - INFO - Start program
11-Feb-21 05:40:34 - root - INFO - New user:357720759;Stepa199;Богдан;Степанов
11-Feb-21 05:40:47 - root - INFO - Start program
11-Feb-21 05:40:49 - root - INFO - Start program
11-Feb-21 05:40:58 - root - INFO - New user:357720759;Stepa199;Богдан;Степанов
11-Feb-21 05:41:23 - root - INFO - Start program
11-Feb-21 05:41:25 - root - INFO - New user:357720759;Stepa199;Богдан;Степанов
11-Feb-21 05:42:33 - root - INFO - Start program
11-Feb-21 05:42:54 - root - INFO - New user:357720759;Stepa199;Богдан;Степанов
11-Feb-21 05:42:55 - root - INFO - New user:357720759;Stepa199;Богдан;Степанов
11-Feb-21 05:51:10 - root - INFO - Start program
11-Feb-21 05:51:14 - root - INFO - New user:357720759;Stepa199;Богдан;Степанов
11-Feb-21 05:59:18 - root - INFO - Start program
11-Feb-21 05:59:28 - root - INFO - New user:357720759;Stepa199;Богдан;Степанов
11-Feb-21 06:00:43 - root - INFO - Start program
11-Feb-21 06:00:44 - root - INFO - New user:357720759;Stepa199;Богдан;Степанов
11-Feb-21 06:10:31 - root - INFO - Start program
11-Feb-21 06:10:34 - root - INFO - New user:357720759;Stepa199;Богдан;Степанов
11-Feb-21 06:11:10 - root - INFO - Start program
11-Feb-21 06:11:11 - root - INFO - New user:357720759;Stepa199;Богдан;Степанов
11-Feb-21 06:11:30 - root - INFO - Start program
11-Feb-21 06:11:32 - root - INFO - New user:357720759;Stepa199;Богдан;Степанов
11-Feb-21 06:11:33 - root - INFO - New user:357720759;Stepa199;Богдан;Степанов
11-Feb-21 06:11:56 - root - INFO - Start program
11-Feb-21 06:11:58 - root - INFO - New user:357720759;Stepa199;Богдан;Степанов
11-Feb-21 06:11:59 - root - INFO - New user:357720759;Stepa199;Богдан;Степанов
11-Feb-21 06:12:08 - root - INFO - Start program
11-Feb-21 06:12:09 - root - INFO - New user:357720759;Stepa199;Богдан;Степанов
11-Feb-21 06:15:39 - root - INFO - Start program
11-Feb-21 06:15:41 - root - INFO - New user:357720759;Stepa199;Богдан;Степанов
11-Feb-21 06:25:25 - root - INFO - Start program
11-Feb-21 06:25:34 - root - INFO - New user:357720759;Stepa199;Богдан;Степанов
11-Feb-21 06:38:53 - root - INFO - Start program
11-Feb-21 06:38:57 - root - INFO - New user:357720759;Stepa199;Богдан;Степанов
11-Feb-21 06:42:09 - root - INFO - Start program
11-Feb-21 06:42:11 - root - INFO - New user:357720759;Stepa199;Богдан;Степанов
11-Feb-21 06:42:12 - root - INFO - New user:357720759;Stepa199;Богдан;Степанов
11-Feb-21 06:42:58 - root - INFO - Start program
11-Feb-21 06:43:00 - root - INFO - New user:357720759;Stepa199;Богдан;Степанов
11-Feb-21 06:44:13 - root - INFO - Start program
11-Feb-21 06:44:17 - root - INFO - Start program
11-Feb-21 06:44:19 - root - INFO - New user:357720759;Stepa199;Богдан;Степанов
11-Feb-21 06:44:53 - root - INFO - Start program
11-Feb-21 06:44:55 - root - INFO - New user:357720759;Stepa199;Богдан;Степанов
11-Feb-21 06:46:03 - root - INFO - Start program
11-Feb-21 06:46:04 - root - INFO - New user:357720759;Stepa199;Богдан;Степанов
11-Feb-21 06:46:37 - root - INFO - Start program
11-Feb-21 06:46:39 - root - INFO - New user:357720759;Stepa199;Богдан;Степанов
11-Feb-21 06:47:05 - root - INFO - Start program
11-Feb-21 06:47:06 - root - INFO - New user:357720759;Stepa199;Богдан;Степанов
11-Feb-21 06:47:42 - root - INFO - Start program
11-Feb-21 06:47:43 - root - INFO - New user:357720759;Stepa199;Богдан;Степанов
11-Feb-21 06:51:20 - root - INFO - Start program
11-Feb-21 06:51:23 - root - INFO - New user:357720759;Stepa199;Богдан;Степанов
11-Feb-21 06:51:24 - root - INFO - New user:357720759;Stepa199;Богдан;Степанов
11-Feb-21 06:51:57 - root - INFO - Start program
11-Feb-21 06:51:59 - root - INFO - New user:357720759;Stepa199;Богдан;Степанов
11-Feb-21 06:52:12 - root - INFO - Start program
11-Feb-21 06:52:13 - root - INFO - New user:357720759;Stepa199;Богдан;Степанов
11-Feb-21 06:52:40 - root - INFO - Start program
11-Feb-21 06:52:42 - root - INFO - New user:357720759;Stepa199;Богдан;Степанов
11-Feb-21 06:53:26 - root - INFO - Start program
11-Feb-21 06:53:28 - root - INFO - New user:357720759;Stepa199;Богдан;Степанов
11-Feb-21 06:54:40 - root - INFO - Start program
11-Feb-21 06:54:42 - root - INFO - New user:357720759;Stepa199;Богдан;Степанов
11-Feb-21 06:56:08 - root - INFO - Start program
11-Feb-21 06:56:13 - root - INFO - New user:357720759;Stepa199;Богдан;Степанов
11-Feb-21 06:56:25 - root - INFO - Start program
11-Feb-21 06:58:30 - root - INFO - Start program
11-Feb-21 07:00:38 - root - INFO - Start program
11-Feb-21 07:00:46 - root - INFO - Start program
11-Feb-21 07:01:56 - root - INFO - Start program
11-Feb-21 07:03:44 - root - INFO - Start program
11-Feb-21 07:09:50 - root - INFO - Start program
11-Feb-21 07:10:38 - root - INFO - Start program
11-Feb-21 07:10:54 - root - INFO - Start program
11-Feb-21 07:11:05 - root - INFO - New user:357720759;Stepa199;Богдан;Степанов
11-Feb-21 07:11:12 - root - INFO - Start program
11-Feb-21 07:11:14 - root - INFO - New user:357720759;Stepa199;Богдан;Степанов
11-Feb-21 07:11:57 - root - INFO - Start program
11-Feb-21 07:12:02 - root - INFO - New user:357720759;Stepa199;Богдан;Степанов
11-Feb-21 07:13:51 - root - INFO - Start program
11-Feb-21 07:13:54 - root - INFO - New user:357720759;Stepa199;Богдан;Степанов
11-Feb-21 07:17:14 - root - INFO - Start program
11-Feb-21 07:17:46 - root - INFO - Start program
11-Feb-21 07:19:04 - root - INFO - Start program
11-Feb-21 07:20:04 - root - INFO - Start program
11-Feb-21 07:20:51 - root - INFO - Start program
11-Feb-21 07:21:03 - root - INFO - Start program
11-Feb-21 07:22:07 - root - INFO - Start program
11-Feb-21 07:22:35 - root - INFO - Start program
11-Feb-21 07:22:43 - root - INFO - Start program
11-Feb-21 07:22:53 - root - INFO - Start program
11-Feb-21 07:22:59 - root - INFO - Start program
11-Feb-21 07:23:53 - root - INFO - Start program
11-Feb-21 07:24:12 - root - INFO - Start program
11-Feb-21 07:24:25 - root - INFO - Start program
11-Feb-21 07:25:18 - root - INFO - Start program
11-Feb-21 07:26:14 - root - INFO - Start program
11-Feb-21 07:28:10 - root - INFO - Start program
11-Feb-21 07:28:27 - root - INFO - Start program
11-Feb-21 07:28:35 - root - INFO - Start program
11-Feb-21 07:43:42 - root - INFO - Start program
11-Feb-21 07:43:43 - root - INFO - New user:357720759;Stepa199;Богдан;Степанов
11-Feb-21 07:43:43 - root - INFO - New user:357720759;Stepa199;Богдан;Степанов
11-Feb-21 07:43:55 - root - INFO - New user:357720759;Stepa199;Богдан;Степанов
11-Feb-21 07:44:48 - root - INFO - Start program
11-Feb-21 07:45:05 - root - INFO - New user:357720759;Stepa199;Богдан;Степанов
11-Feb-21 07:45:46 - root - INFO - Start program
11-Feb-21 07:45:52 - root - INFO - New user:357720759;Stepa199;Богдан;Степанов
11-Feb-21 07:47:55 - root - INFO - Start program
11-Feb-21 07:49:10 - root - INFO - Start program
11-Feb-21 07:49:39 - root - INFO - Start program
11-Feb-21 14:39:20 - root - INFO - Start program
11-Feb-21 14:39:52 - root - INFO - Start program
11-Feb-21 14:40:21 - root - INFO - Start program
11-Feb-21 14:40:22 - root - INFO - New user:357720759;Stepa199;Богдан;Степанов
11-Feb-21 14:40:22 - root - INFO - New user:357720759;Stepa199;Богдан;Степанов
11-Feb-21 14:40:22 - root - INFO - New user:357720759;Stepa199;Богдан;Степанов
11-Feb-21 14:40:22 - root - INFO - New user:357720759;Stepa199;Богдан;Степанов
11-Feb-21 14:42:16 - root - INFO - Start program
11-Feb-21 14:42:48 - root - INFO - Start program
11-Feb-21 14:43:36 - root - INFO - Start program
11-Feb-21 14:44:30 - root - INFO - Start program
11-Feb-21 14:44:42 - root - INFO - New user:357720759;Stepa199;Богдан;Степанов
11-Feb-21 14:45:28 - root - INFO - Start program
11-Feb-21 14:46:10 - root - INFO - Start program
11-Feb-21 14:46:10 - root - INFO - New user:357720759;Stepa199;Богдан;Степанов
11-Feb-21 14:46:12 - root - INFO - New user:357720759;Stepa199;Богдан;Степанов
11-Feb-21 14:49:37 - root - INFO - Start program
11-Feb-21 14:50:13 - root - INFO - Start program
11-Feb-21 14:53:44 - root - INFO - Start program
11-Feb-21 14:53:51 - root - INFO - Start program
11-Feb-21 14:54:17 - root - INFO - Start program
11-Feb-21 14:55:05 - root - INFO - Start program
11-Feb-21 14:56:21 - root - INFO - Start program
11-Feb-21 14:56:33 - root - INFO - Start program
11-Feb-21 14:57:11 - root - INFO - Start program
11-Feb-21 14:57:17 - root - INFO - Start program
11-Feb-21 14:57:48 - root - INFO - Start program
11-Feb-21 14:57:57 - root - INFO - Start program
11-Feb-21 14:58:43 - root - INFO - Start program
11-Feb-21 14:59:42 - root - INFO - Start program
11-Feb-21 15:01:14 - root - INFO - Start program
11-Feb-21 15:01:21 - root - INFO - New user:357720759;Stepa199;Богдан;Степанов
11-Feb-21 15:14:54 - root - INFO - Start program
11-Feb-21 15:14:56 - root - INFO - New user:357720759;Stepa199;Богдан;Степанов
11-Feb-21 15:18:21 - root - INFO - Start program
11-Feb-21 15:18:30 - root - INFO - New user:357720759;Stepa199;Богдан;Степанов
11-Feb-21 15:27:45 - root - INFO - Start program
11-Feb-21 18:10:04 - root - INFO - Start program
11-Feb-21 18:10:04 - root - INFO - New user:958924219;iamnotkexin;Kexin;Liu
11-Feb-21 18:10:11 - root - INFO - New user:357720759;Stepa199;Богдан;Степанов
11-Feb-21 18:19:17 - root - INFO - Start program
11-Feb-21 18:19:20 - root - INFO - New user:357720759;Stepa199;Богдан;Степанов
11-Feb-21 18:22:36 - root - INFO - Start program
11-Feb-21 18:22:40 - root - INFO - New user:357720759;Stepa199;Богдан;Степанов
17-Feb-21 07:23:57 - root - INFO - Start program
17-Feb-21 07:24:05 - root - INFO - New user:357720759;Stepa199;Богдан;Степанов
17-Feb-21 07:30:43 - root - INFO - Start program
17-Feb-21 07:30:46 - root - INFO - New user:357720759;Stepa199;Богдан;Степанов
17-Feb-21 07:31:01 - root - INFO - New user:357720759;Stepa199;Богдан;Степанов
17-Feb-21 07:33:23 - root - INFO - Start program
17-Feb-21 07:33:24 - root - INFO - New user:357720759;Stepa199;Богдан;Степанов
17-Feb-21 07:34:54 - root - INFO - Start program
17-Feb-21 07:34:58 - root - INFO - New user:357720759;Stepa199;Богдан;Степанов
17-Feb-21 07:35:13 - root - INFO - Start program
17-Feb-21 07:35:14 - root - INFO - New user:357720759;Stepa199;Богдан;Степанов
17-Feb-21 07:35:36 - root - INFO - Start program
17-Feb-21 07:35:38 - root - INFO - New user:357720759;Stepa199;Богдан;Степанов
17-Feb-21 07:35:59 - root - INFO - Start program
17-Feb-21 07:36:02 - root - INFO - New user:357720759;Stepa199;Богдан;Степанов
17-Feb-21 07:36:17 - root - INFO - Start program
17-Feb-21 07:36:23 - root - INFO - New user:357720759;Stepa199;Богдан;Степанов
17-Feb-21 07:36:33 - root - INFO - Start program
17-Feb-21 07:36:35 - root - INFO - New user:357720759;Stepa199;Богдан;Степанов
17-Feb-21 07:37:11 - root - INFO - Start program
17-Feb-21 07:37:15 - root - INFO - New user:357720759;Stepa199;Богдан;Степанов
17-Feb-21 07:38:37 - root - INFO - Start program
17-Feb-21 07:38:37 - root - INFO - New user:357720759;Stepa199;Богдан;Степанов
17-Feb-21 07:38:50 - root - INFO - Start program
17-Feb-21 07:38:56 - root - INFO - New user:357720759;Stepa199;Богдан;Степанов
17-Feb-21 07:39:09 - root - INFO - Start program
17-Feb-21 07:39:16 - root - INFO - New user:357720759;Stepa199;Богдан;Степанов
17-Feb-21 07:43:20 - root - INFO - Start program
17-Feb-21 07:43:22 - root - INFO - New user:357720759;Stepa199;Богдан;Степанов
17-Feb-21 07:44:01 - root - INFO - Start program
17-Feb-21 07:44:03 - root - INFO - New user:357720759;Stepa199;Богдан;Степанов
17-Feb-21 07:44:50 - root - INFO - Start program
17-Feb-21 07:44:51 - root - INFO - New user:357720759;Stepa199;Богдан;Степанов
17-Feb-21 07:46:41 - root - INFO - Start program
17-Feb-21 07:46:43 - root - INFO - New user:357720759;Stepa199;Богдан;Степанов
17-Feb-21 07:47:00 - root - INFO - Start program
17-Feb-21 07:47:00 - root - INFO - New user:357720759;Stepa199;Богдан;Степанов
17-Feb-21 07:47:13 - root - INFO - Start program
17-Feb-21 07:47:16 - root - INFO - New user:357720759;Stepa199;Богдан;Степанов
17-Feb-21 07:48:22 - root - INFO - Start program
17-Feb-21 07:48:23 - root - INFO - New user:357720759;Stepa199;Богдан;Степанов
17-Feb-21 07:49:43 - root - INFO - New user:357720759;Stepa199;Богдан;Степанов
17-Feb-21 07:52:37 - root - INFO - Start program
17-Feb-21 07:52:41 - root - INFO - New user:357720759;Stepa199;Богдан;Степанов
17-Feb-21 07:53:19 - root - INFO - Start program
17-Feb-21 07:58:40 - root - INFO - Start program
17-Feb-21 07:58:44 - root - INFO - New user:357720759;Stepa199;Богдан;Степанов
17-Feb-21 08:00:49 - root - INFO - Start program
17-Feb-21 08:00:52 - root - INFO - New user:357720759;Stepa199;Богдан;Степанов
17-Feb-21 08:04:03 - root - INFO - Start program
17-Feb-21 08:05:10 - root - INFO - Start program
17-Feb-21 08:05:11 - root - INFO - Start program
17-Feb-21 08:05:13 - root - INFO - New user:357720759;Stepa199;Богдан;Степанов
17-Feb-21 08:09:23 - root - INFO - Start program
17-Feb-21 08:10:57 - root - INFO - Start program
17-Feb-21 08:11:00 - root - INFO - New user:357720759;Stepa199;Богдан;Степанов
17-Feb-21 08:11:55 - root - INFO - Start program
17-Feb-21 08:13:19 - root - INFO - New user:357720759;Stepa199;Богдан;Степанов
17-Feb-21 08:15:15 - root - INFO - Start program
17-Feb-21 08:15:20 - root - INFO - New user:357720759;Stepa199;Богдан;Степанов
17-Feb-21 08:50:40 - root - INFO - Start program
17-Feb-21 08:50:44 - root - INFO - Start program
17-Feb-21 08:51:07 - root - INFO - Start program
17-Feb-21 08:51:13 - root - INFO - New user:357720759;Stepa199;Богдан;Степанов
17-Feb-21 08:55:27 - root - INFO - Start program
17-Feb-21 08:55:29 - root - INFO - New user:357720759;Stepa199;Богдан;Степанов
17-Feb-21 08:56:04 - root - INFO - Start program
17-Feb-21 08:57:23 - root - INFO - Start program
17-Feb-21 08:57:28 - root - INFO - New user:357720759;Stepa199;Богдан;Степанов
17-Feb-21 09:01:36 - root - INFO - Start program
17-Feb-21 09:01:41 - root - INFO - New user:357720759;Stepa199;Богдан;Степанов
17-Feb-21 09:02:24 - root - INFO - Start program
17-Feb-21 09:02:26 - root - INFO - New user:357720759;Stepa199;Богдан;Степанов
17-Feb-21 09:15:08 - root - INFO - Start program
17-Feb-21 09:15:22 - root - INFO - New user:357720759;Stepa199;Богдан;Степанов
17-Feb-21 09:15:24 - root - INFO - New user:357720759;Stepa199;Богдан;Степанов
17-Feb-21 09:15:29 - root - INFO - Start program
17-Feb-21 09:15:31 - root - INFO - Start program
17-Feb-21 09:15:33 - root - INFO - New user:357720759;Stepa199;Богдан;Степанов
17-Feb-21 09:16:34 - root - INFO - Start program
17-Feb-21 22:58:41 - root - INFO - Start program
17-Feb-21 22:58:42 - root - INFO - New user:357720759;Stepa199;Богдан;Степанов
17-Feb-21 22:58:50 - root - INFO - New user:357720759;Stepa199;Богдан;Степанов
17-Feb-21 22:59:33 - root - INFO - Start program
17-Feb-21 22:59:35 - root - INFO - New user:357720759;Stepa199;Богдан;Степанов
17-Feb-21 23:00:32 - root - INFO - Start program
17-Feb-21 23:00:33 - root - INFO - New user:357720759;Stepa199;Богдан;Степанов
17-Feb-21 23:02:18 - root - INFO - Start program
17-Feb-21 23:02:18 - root - INFO - New user:357720759;Stepa199;Богдан;Степанов
17-Feb-21 23:03:31 - root - INFO - Start program
17-Feb-21 23:03:33 - root - INFO - New user:357720759;Stepa199;Богдан;Степанов
17-Feb-21 23:03:43 - root - INFO - Start program
17-Feb-21 23:03:45 - root - INFO - New user:357720759;Stepa199;Богдан;Степанов
17-Feb-21 23:04:01 - root - INFO - Start program
17-Feb-21 23:04:04 - root - INFO - New user:357720759;Stepa199;Богдан;Степанов
17-Feb-21 23:07:42 - root - INFO - Start program
17-Feb-21 23:07:44 - root - INFO - New user:357720759;Stepa199;Богдан;Степанов
21-Feb-21 07:06:45 - root - INFO - Start program
21-Feb-21 07:07:04 - root - INFO - New user:357720759;Stepa199;Богдан;Степанов
21-Feb-21 07:08:18 - root - INFO - Start program
21-Feb-21 07:08:23 - root - INFO - New user:357720759;Stepa199;Богдан;Степанов
21-Feb-21 07:13:53 - root - INFO - Start program
21-Feb-21 07:17:43 - root - INFO - Start program
21-Feb-21 07:17:46 - root - INFO - New user:357720759;Stepa199;Богдан;Степанов
21-Feb-21 07:23:22 - root - INFO - Start program
21-Feb-21 07:23:24 - root - INFO - New user:357720759;Stepa199;Богдан;Степанов
21-Feb-21 08:01:28 - root - INFO - Start program
21-Feb-21 08:01:44 - root - INFO - New user:357720759;Stepa199;Богдан;Степанов
21-Feb-21 08:01:55 - root - INFO - привет
21-Feb-21 08:04:00 - root - INFO - Start program
21-Feb-21 08:04:06 - root - INFO - New user:357720759;Stepa199;Богдан;Степанов
21-Feb-21 08:04:09 - root - INFO - пользователь Богдан написал +
21-Feb-21 08:04:59 - root - INFO - Start program
21-Feb-21 08:05:03 - root - INFO - пользователь Stepa199 написал +
21-Feb-21 08:05:07 - root - INFO - пользователь Stepa199 написал sfg
21-Feb-21 08:05:08 - root - INFO - пользователь Stepa199 написал вфа
21-Feb-21 08:06:44 - root - INFO - пользователь iamnotkexin написал Hi
21-Feb-21 09:09:01 - root - INFO - Start program
21-Feb-21 09:10:18 - root - INFO - Start program
21-Feb-21 09:10:22 - root - INFO - New user:357720759;Stepa199;Богдан;Степанов
21-Feb-21 09:26:00 - root - INFO - New user:-457756150;None;None;None
21-Feb-21 09:26:05 - root - INFO - Start program
22-Feb-21 07:54:28 - root - INFO - Start program
22-Feb-21 07:54:32 - root - INFO - New user:357720759;Stepa199;Богдан;Степанов
